0 info it worked if it ends with ok
1 verbose cli [ '/usr/local/bin/node', '/usr/local/bin/npm', 'run', 'jshint' ]
2 info using npm@1.4.28
3 info using node@v0.10.32
4 verbose run-script [ 'prejshint', 'jshint', 'postjshint' ]
5 info prejshint test_1000@1.0.0
6 info jshint test_1000@1.0.0
7 verbose unsafe-perm in lifecycle true
8 info test_1000@1.0.0 Failed to exec jshint script
9 error test_1000@1.0.0 jshint: `jshint -c .jshintrc --exclude-path .gitignore .`
9 error Exit status 2
10 error Failed at the test_1000@1.0.0 jshint script.
10 error This is most likely a problem with the test_1000 package,
10 error not with npm itself.
10 error Tell the author that this fails on your system:
10 error     jshint -c .jshintrc --exclude-path .gitignore .
10 error You can get their info via:
10 error     npm owner ls test_1000
10 error There is likely additional logging output above.
11 error System Darwin 14.0.0
12 error command "/usr/local/bin/node" "/usr/local/bin/npm" "run" "jshint"
13 error cwd /Users/quim/Projects/testing/hapi_tests
14 error node -v v0.10.32
15 error npm -v 1.4.28
16 error code ELIFECYCLE
17 verbose exit [ 1, true ]
